<?xml version="1.0" encoding="UTF-8"?>
<!-- Generated by org.testng.reporters.JUnitReportReporter -->
<testsuite skipped="0" hostname="SSPL-LP-HP-0029" name="paytm.insider.api.DemoGETAPI" tests="3" failures="0" timestamp="2020-09-19T14:30:39 GMT+05:30" time="4.715" errors="0">
  <testcase name="GetDemoapi_Status_code_check" time="1.691" classname="paytm.insider.api.DemoGETAPI"/>
  <system-out/>
  <testcase name="GetDemoapi_Status_line_check" time="0.436" classname="paytm.insider.api.DemoGETAPI"/>
  <system-out/>
  <testcase name="GetDemoapi_header_check" time="2.588" classname="paytm.insider.api.DemoGETAPI"/>
  <system-out/>
</testsuite> <!-- paytm.insider.api.DemoGETAPI -->
