<?xml version="1.0" encoding="UTF-8"?>
<!-- Generated by org.testng.reporters.JUnitReportReporter -->
<testsuite skipped="0" hostname="SSPL-LP-HP-0029" name="paytm.insider.api.PaytmMovieGETAPI" tests="3" failures="0" timestamp="2020-09-19T14:16:33 GMT+05:30" time="3.113" errors="0">
  <testcase name="GetDemoapi_Status_code_check" time="1.851" classname="paytm.insider.api.PaytmMovieGETAPI"/>
  <system-out/>
  <testcase name="GetDemoapi_header_check" time="0.634" classname="paytm.insider.api.PaytmMovieGETAPI"/>
  <system-out/>
  <testcase name="GetDemoapi_Status_line_check" time="0.628" classname="paytm.insider.api.PaytmMovieGETAPI"/>
  <system-out/>
</testsuite> <!-- paytm.insider.api.PaytmMovieGETAPI -->
