<?xml version="1.0" encoding="UTF-8"?>
<!-- Generated by org.testng.reporters.JUnitReportReporter -->
<testsuite skipped="0" hostname="SSPL-LP-HP-0029" name="paytm.insider.api.PaytmGetAPI" tests="1" failures="0" timestamp="2020-07-05T19:10:37 GMT+05:30" time="3.112" errors="0">
  <testcase name="TestBody" time="3.112" classname="paytm.insider.api.PaytmGetAPI"/>
  <system-out/>
</testsuite> <!-- paytm.insider.api.PaytmGetAPI -->
